<?xml version="1.0" encoding="UTF-8"?>
<!-- Generated by org.testng.reporters.JUnitReportReporter -->
<testsuite hostname="Eyyups-MacBook-Pro.local" failures="0" tests="2" name="com.vytrack.tests.components.login_navigation.LoginTest" time="60.376" errors="0" timestamp="10 Jul 2019 16:29:10 GMT" skipped="0">
  <testcase classname="com.vytrack.tests.components.login_navigation.LoginTest" name="LoginPositive" time="53.704"/>
  <testcase classname="com.vytrack.tests.components.login_navigation.LoginTest" name="LoginNegative" time="6.672"/>
</testsuite> <!-- com.vytrack.tests.components.login_navigation.LoginTest -->
