<?xml version="1.0" encoding="UTF-8"?>
<!-- Generated by org.testng.reporters.JUnitReportReporter -->
<testsuite hostname="Eyyups-MacBook-Pro.local" failures="0" tests="2" name="com.vytrack.tests.smoke_tests.MenuOptionsTest" time="34.191" errors="0" timestamp="10 Jul 2019 10:20:59 GMT" skipped="1">
  <testcase classname="com.vytrack.tests.smoke_tests.MenuOptionsTest" name="MenuOptionsStoreManager" time="34.191"/>
  <testcase classname="com.vytrack.tests.smoke_tests.MenuOptionsTest" name="MenuOptionsDriver">
    <skipped/>
  </testcase> <!-- MenuOptionsDriver -->
</testsuite> <!-- com.vytrack.tests.smoke_tests.MenuOptionsTest -->
